2018-09-13 14:01:10 [scrapy] DEBUG: Retrying <GET https://framesfootwear.co.nz> (failed 1 times): [<twisted.python.failure.Failure twisted.internet.error.ConnectionDone: Connection was closed cleanly.>]
2018-09-13 14:01:11 [scrapy] DEBUG: Retrying <GET https://framesfootwear.co.nz> (failed 2 times): [<twisted.python.failure.Failure twisted.internet.error.ConnectionDone: Connection was closed cleanly.>]
2018-09-13 14:01:12 [scrapy] DEBUG: Gave up retrying <GET https://framesfootwear.co.nz> (failed 3 times): [<twisted.python.failure.Failure twisted.internet.error.ConnectionDone: Connection was closed cleanly.>]
2018-09-13 14:01:12 [scrapy] ERROR: Error downloading <GET https://framesfootwear.co.nz>
Traceback (most recent call last):
  File "c:\users\administrator\appdata\local\programs\python\python36-32\lib\site-packages\twisted\internet\defer.py", line 1126, in _inlineCallbacks
    result = result.throwExceptionIntoGenerator(g)
  File "c:\users\administrator\appdata\local\programs\python\python36-32\lib\site-packages\twisted\python\failure.py", line 389, in throwExceptionIntoGenerator
    return g.throw(self.type, self.value, self.tb)
  File "c:\users\administrator\appdata\local\programs\python\python36-32\lib\site-packages\scrapy\core\downloader\middleware.py", line 43, in process_request
    defer.returnValue((yield download_func(request=request,spider=spider)))
twisted.web._newclient.ResponseNeverReceived: [<twisted.python.failure.Failure twisted.internet.error.ConnectionDone: Connection was closed cleanly.>]
2018-09-13 14:01:12 [scrapy] INFO: Closing spider (finished)
2018-09-13 14:01:12 [scrapy] INFO: Dumping Scrapy stats:
{'downloader/exception_count': 3,
 'downloader/exception_type_count/twisted.web._newclient.ResponseNeverReceived': 3,
 'downloader/request_bytes': 912,
 'downloader/request_count': 3,
 'downloader/request_method_count/GET': 3,
 'finish_reason': 'finished',
 'finish_time': datetime.datetime(2018, 9, 13, 6, 1, 12, 446129),
 'log_count/DEBUG': 3,
 'log_count/ERROR': 1,
 'log_count/INFO': 6,
 'retry/count': 2,
 'retry/max_reached': 1,
 'retry/reason_count/twisted.web._newclient.ResponseNeverReceived': 2,
 'scheduler/dequeued': 3,
 'scheduler/dequeued/memory': 3,
 'scheduler/enqueued': 3,
 'scheduler/enqueued/memory': 3,
 'start_time': datetime.datetime(2018, 9, 13, 6, 1, 9, 161712)}
2018-09-13 14:01:12 [scrapy] INFO: Spider closed (finished)
